<?xml version="1.0" encoding="UTF-8"?>
<testsuite xmlns:xsi="http://www.w3.org/2001/XMLSchema-instance" xsi:noNamespaceSchemaLocation="https://maven.apache.org/surefire/maven-surefire-plugin/xsd/surefire-test-report.xsd" version="3.0.1" name="com.nt.AppTest" time="1.505" tests="3" errors="0" skipped="0" failures="0">
  <properties>
[...]
</properties>
  <testcase name="CheckingCredentialswithinValidInput" classname="com.nt.AppTest" time="0.104">
    <system-out><![CDATA[Mocking :class com.nt.DAO.ILoginDao$MockitoMock$sq8Ecfh8.......[interface com.nt.DAO.ILoginDao, interface org.mockito.internal.creation.bytebuddy.MockAccess]
]]></system-out>
  </testcase>
  <testcase name="CheckingCredentialswithNoInput" classname="com.nt.AppTest" time="0.004"/>
  <testcase name="CheckingCredentialswithValidInput" classname="com.nt.AppTest" time="0.004"/>
</testsuite>